1570804201.783446 client started (68561): version 2.9a, socket /private/tmp/tmux-501/default, protocol 8
1570804201.783509 on Darwin 17.7.0 Darwin Kernel Version 17.7.0: Sun Jun  2 20:31:42 PDT 2019; root:xnu-4570.71.46~1/RELEASE_X86_64; libevent 2.1.11-stable (select)
1570804201.783562 socket is /private/tmp/tmux-501/default
1570804201.783587 trying connect
1570804201.783714 add peer 0x7fc1b800b200: 7 (0x0)
1570804201.785327 sending message 100 to peer 0x7fc1b800b200 (4 bytes)
1570804201.785350 sending message 101 to peer 0x7fc1b800b200 (7 bytes)
1570804201.785360 sending message 102 to peer 0x7fc1b800b200 (13 bytes)
1570804201.785368 sending message 108 to peer 0x7fc1b800b200 (41 bytes)
1570804201.785385 sending message 104 to peer 0x7fc1b800b200 (0 bytes)
1570804201.785393 sending message 107 to peer 0x7fc1b800b200 (4 bytes)
1570804201.785401 sending message 105 to peer 0x7fc1b800b200 (42 bytes)
1570804201.785408 sending message 105 to peer 0x7fc1b800b200 (23 bytes)
1570804201.785416 sending message 105 to peer 0x7fc1b800b200 (50 bytes)
1570804201.785423 sending message 105 to peer 0x7fc1b800b200 (12 bytes)
1570804201.785431 sending message 105 to peer 0x7fc1b800b200 (16 bytes)
1570804201.785438 sending message 105 to peer 0x7fc1b800b200 (57 bytes)
1570804201.785446 sending message 105 to peer 0x7fc1b800b200 (56 bytes)
1570804201.785454 sending message 105 to peer 0x7fc1b800b200 (76 bytes)
1570804201.785461 sending message 105 to peer 0x7fc1b800b200 (27 bytes)
1570804201.785469 sending message 105 to peer 0x7fc1b800b200 (60 bytes)
1570804201.785476 sending message 105 to peer 0x7fc1b800b200 (56 bytes)
1570804201.785484 sending message 105 to peer 0x7fc1b800b200 (18 bytes)
1570804201.785491 sending message 105 to peer 0x7fc1b800b200 (34 bytes)
1570804201.785499 sending message 105 to peer 0x7fc1b800b200 (66 bytes)
1570804201.785506 sending message 105 to peer 0x7fc1b800b200 (32 bytes)
1570804201.785518 sending message 105 to peer 0x7fc1b800b200 (42 bytes)
1570804201.785526 sending message 105 to peer 0x7fc1b800b200 (31 bytes)
1570804201.785536 sending message 105 to peer 0x7fc1b800b200 (395 bytes)
1570804201.785543 sending message 105 to peer 0x7fc1b800b200 (45 bytes)
1570804201.785551 sending message 105 to peer 0x7fc1b800b200 (17 bytes)
1570804201.785558 sending message 105 to peer 0x7fc1b800b200 (22 bytes)
1570804201.785566 sending message 105 to peer 0x7fc1b800b200 (14 bytes)
1570804201.785574 sending message 105 to peer 0x7fc1b800b200 (14 bytes)
1570804201.785581 sending message 105 to peer 0x7fc1b800b200 (14 bytes)
1570804201.785588 sending message 105 to peer 0x7fc1b800b200 (19 bytes)
1570804201.785596 sending message 105 to peer 0x7fc1b800b200 (28 bytes)
1570804201.785603 sending message 105 to peer 0x7fc1b800b200 (8 bytes)
1570804201.785611 sending message 105 to peer 0x7fc1b800b200 (25 bytes)
1570804201.785618 sending message 105 to peer 0x7fc1b800b200 (14 bytes)
1570804201.785626 sending message 105 to peer 0x7fc1b800b200 (26 bytes)
1570804201.785633 sending message 105 to peer 0x7fc1b800b200 (27 bytes)
1570804201.785641 sending message 105 to peer 0x7fc1b800b200 (61 bytes)
1570804201.785648 sending message 105 to peer 0x7fc1b800b200 (21 bytes)
1570804201.785656 sending message 105 to peer 0x7fc1b800b200 (98 bytes)
1570804201.785663 sending message 105 to peer 0x7fc1b800b200 (18 bytes)
1570804201.785671 sending message 105 to peer 0x7fc1b800b200 (19 bytes)
1570804201.785678 sending message 105 to peer 0x7fc1b800b200 (24 bytes)
1570804201.785686 sending message 105 to peer 0x7fc1b800b200 (20 bytes)
1570804201.785693 sending message 105 to peer 0x7fc1b800b200 (22 bytes)
1570804201.785701 sending message 106 to peer 0x7fc1b800b200 (0 bytes)
1570804201.785712 sending message 200 to peer 0x7fc1b800b200 (4 bytes)
1570804201.785720 client loop enter
1570804201.785947 peer 0x7fc1b800b200 message 211
1570804201.785962 client_write: sessions should be nested with care, unset $TMUX to force\n
1570804201.785983 peer 0x7fc1b800b200 message 203
1570804201.785992 client loop exit
